<?xml version="1.0" encoding="UTF-8"?>
<testsuite name="AppTest" tests="4" skipped="0" failures="0" errors="0" timestamp="2016-02-11T23:30:46" hostname="epicodus-67.local" time="0.326">
  <properties/>
  <testcase name="AllergyCount_returnNumberFromUser_256" classname="AppTest" time="0.003"/>
  <testcase name="rootTest" classname="AppTest" time="0.304"/>
  <testcase name="AllergyCount_returnQuantityOfCoins_89" classname="AppTest" time="0.001"/>
  <testcase name="AllergyCount_returnNumberOfEachCoinFromUser_128" classname="AppTest" time="0.0"/>
  <system-out><![CDATA[]]></system-out>
  <system-err><![CDATA[[Thread-4] INFO spark.webserver.SparkServer - == Spark has ignited ...
[Thread-4] INFO spark.webserver.SparkServer - >> Listening on 0.0.0.0:4567
[Thread-4] INFO org.eclipse.jetty.server.Server - jetty-9.0.2.v20130417
[Thread-4] INFO org.eclipse.jetty.server.ServerConnector - Started ServerConnector@13b1056d{HTTP/1.1}{0.0.0.0:4567}
Feb 11, 2016 3:30:47 PM com.gargoylesoftware.htmlunit.html.InputElementFactory createElementNS
INFO: Bad input type: "number", creating a text input
[Test worker] INFO spark.webserver.SparkServer - >>> Spark shutting down ...
[Test worker] INFO org.eclipse.jetty.server.Server - Graceful shutdown org.eclipse.jetty.server.Server@7fc8b3a2 by 
[Test worker] INFO org.eclipse.jetty.server.ServerConnector - Stopped ServerConnector@13b1056d{HTTP/1.1}{0.0.0.0:4567}
[Test worker] INFO spark.webserver.SparkServer - done
]]></system-err>
</testsuite>
