<?xml version="1.0" encoding="UTF-8"?>
<testsuite name="AppTest" tests="5" skipped="0" failures="0" errors="0" timestamp="2016-02-12T00:05:26" hostname="epicodus-67.local" time="0.4">
  <properties/>
  <testcase name="AllergyCount_returnNumberFromUser_256" classname="AppTest" time="0.003"/>
  <testcase name="AllergyCount" classname="AppTest" time="0.359"/>
  <testcase name="rootTest" classname="AppTest" time="0.011"/>
  <testcase name="AllergyCount_returnQuantityOfCoins_89" classname="AppTest" time="0.0"/>
  <testcase name="AllergyCount_returnNumberOfEachCoinFromUser_128" classname="AppTest" time="0.001"/>
  <system-out><![CDATA[]]></system-out>
  <system-err><![CDATA[[Thread-4] INFO spark.webserver.SparkServer - == Spark has ignited ...
[Thread-4] INFO spark.webserver.SparkServer - >> Listening on 0.0.0.0:4567
[Thread-4] INFO org.eclipse.jetty.server.Server - jetty-9.0.2.v20130417
[Thread-4] INFO org.eclipse.jetty.server.ServerConnector - Started ServerConnector@6e0de573{HTTP/1.1}{0.0.0.0:4567}
Feb 11, 2016 4:05:26 PM com.gargoylesoftware.htmlunit.html.InputElementFactory createElementNS
INFO: Bad input type: "number", creating a text input
Feb 11, 2016 4:05:26 PM com.gargoylesoftware.htmlunit.html.InputElementFactory createElementNS
INFO: Bad input type: "number", creating a text input
[Test worker] INFO spark.webserver.SparkServer - >>> Spark shutting down ...
[Test worker] INFO org.eclipse.jetty.server.Server - Graceful shutdown org.eclipse.jetty.server.Server@46b8b289 by 
[Test worker] INFO org.eclipse.jetty.server.ServerConnector - Stopped ServerConnector@6e0de573{HTTP/1.1}{0.0.0.0:4567}
[Test worker] INFO spark.webserver.SparkServer - done
]]></system-err>
</testsuite>
